<?xml version="1.0" encoding="UTF-8"?>
<robot generator="Robot 6.1 (Python 3.11.4 on win32)" generated="20230804 15:56:12.341" rpa="false" schemaversion="4">
<suite id="s1" name="Main Script" source="C:\Users\utilisateur\Documents\GitHub\RFW-IVVQ\main_script.robot">
<test id="s1-t1" name="New_USER with valid" line="63">
<kw name="openNewBrowser" library="keyword">
<arg>${website_url}</arg>
<kw name="Open Browser" library="SeleniumLibrary">
<arg>${url}</arg>
<arg>Chrome</arg>
<doc>Opens a new browser instance to the given ``url``.</doc>
<msg timestamp="20230804 15:56:13.109" level="INFO">Opening browser 'Chrome' to base url 'https://www.raja.fr/'.</msg>
<status status="PASS" starttime="20230804 15:56:13.109" endtime="20230804 15:56:15.762"/>
</kw>
<status status="PASS" starttime="20230804 15:56:13.108" endtime="20230804 15:56:15.762"/>
</kw>
<kw name="Maximize Browser Window" library="SeleniumLibrary">
<doc>Maximizes current browser window.</doc>
<status status="PASS" starttime="20230804 15:56:15.762" endtime="20230804 15:56:15.992"/>
</kw>
<kw name="Sleep" library="BuiltIn">
<arg>2</arg>
<doc>Pauses the test executed for the given time.</doc>
<msg timestamp="20230804 15:56:17.993" level="INFO">Slept 2 seconds</msg>
<status status="PASS" starttime="20230804 15:56:15.993" endtime="20230804 15:56:17.993"/>
</kw>
<kw name="Scenario Cas_passant" library="keyword">
<arg>${email}</arg>
<arg>${mot de passe}</arg>
<arg>${FirstName}</arg>
<arg>${LastName}</arg>
<arg>${Telephone}</arg>
<arg>${adress}</arg>
<arg>${ZIP Code}</arg>
<arg>${Town}</arg>
<kw name="Email" library="FakerLibrary">
<var>${email}</var>
<msg timestamp="20230804 15:56:17.999" level="INFO">${email} = corinne17@example.com</msg>
<status status="PASS" starttime="20230804 15:56:17.998" endtime="20230804 15:56:17.999"/>
</kw>
<kw name="Password" library="FakerLibrary">
<var>${mot de passe}</var>
<doc>Generate a random password of the specified ``length``.</doc>
<msg timestamp="20230804 15:56:18.001" level="INFO">${mot de passe} = !#o$8+MksI</msg>
<status status="PASS" starttime="20230804 15:56:18.000" endtime="20230804 15:56:18.001"/>
</kw>
<kw name="Phone Number" library="FakerLibrary">
<var>${Telephone}</var>
<msg timestamp="20230804 15:56:18.002" level="INFO">${Telephone} = +33 2 58 23 32 51</msg>
<status status="PASS" starttime="20230804 15:56:18.001" endtime="20230804 15:56:18.002"/>
</kw>
<kw name="Password" library="FakerLibrary">
<var>${password}</var>
<doc>Generate a random password of the specified ``length``.</doc>
<msg timestamp="20230804 15:56:18.003" level="INFO">${password} = &amp;_1HA8rs*N</msg>
<status status="PASS" starttime="20230804 15:56:18.003" endtime="20230804 15:56:18.004"/>
</kw>
<kw name="First Name" library="FakerLibrary">
<var>${FirstName}</var>
<msg timestamp="20230804 15:56:18.004" level="INFO">${FirstName} = Jeannine</msg>
<status status="PASS" starttime="20230804 15:56:18.004" endtime="20230804 15:56:18.005"/>
</kw>
<kw name="Name Male" library="FakerLibrary">
<var>${LastName}</var>
<msg timestamp="20230804 15:56:18.006" level="INFO">${LastName} = Paul Grondin</msg>
<status status="PASS" starttime="20230804 15:56:18.005" endtime="20230804 15:56:18.006"/>
</kw>
<kw name="Address" library="FakerLibrary">
<var>${adress}</var>
<doc>:example: '791 Crist Parks, Sashabury, IL 86039-9874'</doc>
<msg timestamp="20230804 15:56:18.007" level="INFO">${adress} = 14, rue Le Goff
65717 Diallo</msg>
<status status="PASS" starttime="20230804 15:56:18.006" endtime="20230804 15:56:18.007"/>
</kw>
<kw name="Postcode" library="FakerLibrary">
<var>${ZIP Code}</var>
<doc>Randomly returns a postcode generated from existing french department number.
exemple: '33260'</doc>
<msg timestamp="20230804 15:56:18.008" level="INFO">${ZIP Code} = 92144</msg>
<status status="PASS" starttime="20230804 15:56:18.007" endtime="20230804 15:56:18.008"/>
</kw>
<kw name="City" library="FakerLibrary">
<var>${Town}</var>
<doc>:example: 'Sashabury'</doc>
<msg timestamp="20230804 15:56:18.009" level="INFO">${Town} = Martel</msg>
<status status="PASS" starttime="20230804 15:56:18.008" endtime="20230804 15:56:18.009"/>
</kw>
<kw name="Click Element" library="SeleniumLibrary">
<arg>xpath=/html/body/div[4]/div[2]/button</arg>
<doc>Click element identified by ``locator``.</doc>
<msg timestamp="20230804 15:56:18.009" level="INFO">Clicking element 'xpath=/html/body/div[4]/div[2]/button'.</msg>
<status status="PASS" starttime="20230804 15:56:18.009" endtime="20230804 15:56:18.117"/>
</kw>
<kw name="Sleep" library="BuiltIn">
<arg>1</arg>
<doc>Pauses the test executed for the given time.</doc>
<msg timestamp="20230804 15:56:19.117" level="INFO">Slept 1 second</msg>
<status status="PASS" starttime="20230804 15:56:18.117" endtime="20230804 15:56:19.117"/>
</kw>
<kw name="Click Button" library="SeleniumLibrary">
<arg>xpath=//*[@id="dropdown-account"]/button</arg>
<doc>Clicks button identified by ``locator``.</doc>
<msg timestamp="20230804 15:56:19.117" level="INFO">Clicking button 'xpath=//*[@id="dropdown-account"]/button'.</msg>
<status status="PASS" starttime="20230804 15:56:19.117" endtime="20230804 15:56:19.197"/>
</kw>
<kw name="Sleep" library="BuiltIn">
<arg>2</arg>
<doc>Pauses the test executed for the given time.</doc>
<msg timestamp="20230804 15:56:21.197" level="INFO">Slept 2 seconds</msg>
<status status="PASS" starttime="20230804 15:56:19.197" endtime="20230804 15:56:21.197"/>
</kw>
<kw name="Click Button" library="SeleniumLibrary">
<arg>xpath=//*[@id="redirectCreateAccount"]</arg>
<doc>Clicks button identified by ``locator``.</doc>
<msg timestamp="20230804 15:56:21.197" level="INFO">Clicking button 'xpath=//*[@id="redirectCreateAccount"]'.</msg>
<status status="PASS" starttime="20230804 15:56:21.197" endtime="20230804 15:56:22.313"/>
</kw>
<kw name="Sleep" library="BuiltIn">
<arg>2</arg>
<doc>Pauses the test executed for the given time.</doc>
<msg timestamp="20230804 15:56:24.315" level="INFO">Slept 2 seconds</msg>
<status status="PASS" starttime="20230804 15:56:22.313" endtime="20230804 15:56:24.315"/>
</kw>
<kw name="Click Element" library="SeleniumLibrary">
<arg>xpath=//*[@id="userInfoForm"]/div/fieldset/div[2]/label/span</arg>
<doc>Click element identified by ``locator``.</doc>
<msg timestamp="20230804 15:56:24.315" level="INFO">Clicking element 'xpath=//*[@id="userInfoForm"]/div/fieldset/div[2]/label/span'.</msg>
<status status="PASS" starttime="20230804 15:56:24.315" endtime="20230804 15:56:24.375"/>
</kw>
<kw name="Sleep" library="BuiltIn">
<arg>2</arg>
<doc>Pauses the test executed for the given time.</doc>
<msg timestamp="20230804 15:56:26.375" level="INFO">Slept 2 seconds</msg>
<status status="PASS" starttime="20230804 15:56:24.375" endtime="20230804 15:56:26.375"/>
</kw>
<kw name="Input Text" library="SeleniumLibrary">
<arg>xpath=//*[@id="IdentifiersLogin"]</arg>
<arg>${email}</arg>
<doc>Types the given ``text`` into text field identified by ``locator``.</doc>
<msg timestamp="20230804 15:56:26.377" level="INFO">Typing text 'corinne17@example.com' into text field 'xpath=//*[@id="IdentifiersLogin"]'.</msg>
<status status="PASS" starttime="20230804 15:56:26.376" endtime="20230804 15:56:26.522"/>
</kw>
<kw name="Sleep" library="BuiltIn">
<arg>2</arg>
<doc>Pauses the test executed for the given time.</doc>
<msg timestamp="20230804 15:56:28.522" level="INFO">Slept 2 seconds</msg>
<status status="PASS" starttime="20230804 15:56:26.522" endtime="20230804 15:56:28.522"/>
</kw>
<kw name="Input Text" library="SeleniumLibrary">
<arg>xpath=//*[@id="NewPwdPassword"]</arg>
<arg>${mot de passe}</arg>
<doc>Types the given ``text`` into text field identified by ``locator``.</doc>
<msg timestamp="20230804 15:56:28.523" level="INFO">Typing text '!#o$8+MksI' into text field 'xpath=//*[@id="NewPwdPassword"]'.</msg>
<status status="PASS" starttime="20230804 15:56:28.523" endtime="20230804 15:56:28.647"/>
</kw>
<kw name="Sleep" library="BuiltIn">
<arg>2</arg>
<doc>Pauses the test executed for the given time.</doc>
<msg timestamp="20230804 15:56:30.648" level="INFO">Slept 2 seconds</msg>
<status status="PASS" starttime="20230804 15:56:28.647" endtime="20230804 15:56:30.648"/>
</kw>
<kw name="Click Element" library="SeleniumLibrary">
<arg>xpath=//*[@id="civilitie"]/option[3]</arg>
<doc>Click element identified by ``locator``.</doc>
<msg timestamp="20230804 15:56:30.648" level="INFO">Clicking element 'xpath=//*[@id="civilitie"]/option[3]'.</msg>
<status status="PASS" starttime="20230804 15:56:30.648" endtime="20230804 15:56:30.688"/>
</kw>
<kw name="Sleep" library="BuiltIn">
<arg>2</arg>
<doc>Pauses the test executed for the given time.</doc>
<msg timestamp="20230804 15:56:32.688" level="INFO">Slept 2 seconds</msg>
<status status="PASS" starttime="20230804 15:56:30.688" endtime="20230804 15:56:32.688"/>
</kw>
<kw name="Input Text" library="SeleniumLibrary">
<arg>xpath=//*[@id="InfoFirstname"]</arg>
<arg>${FirstName}</arg>
<doc>Types the given ``text`` into text field identified by ``locator``.</doc>
<msg timestamp="20230804 15:56:32.688" level="INFO">Typing text 'Jeannine' into text field 'xpath=//*[@id="InfoFirstname"]'.</msg>
<status status="PASS" starttime="20230804 15:56:32.688" endtime="20230804 15:56:32.772"/>
</kw>
<kw name="Sleep" library="BuiltIn">
<arg>2</arg>
<doc>Pauses the test executed for the given time.</doc>
<msg timestamp="20230804 15:56:34.772" level="INFO">Slept 2 seconds</msg>
<status status="PASS" starttime="20230804 15:56:32.772" endtime="20230804 15:56:34.772"/>
</kw>
<kw name="Input Text" library="SeleniumLibrary">
<arg>xpath=//*[@id="InfoLastname"]</arg>
<arg>${LastName}</arg>
<doc>Types the given ``text`` into text field identified by ``locator``.</doc>
<msg timestamp="20230804 15:56:34.774" level="INFO">Typing text 'Paul Grondin' into text field 'xpath=//*[@id="InfoLastname"]'.</msg>
<status status="PASS" starttime="20230804 15:56:34.773" endtime="20230804 15:56:34.897"/>
</kw>
<kw name="Sleep" library="BuiltIn">
<arg>3</arg>
<doc>Pauses the test executed for the given time.</doc>
<msg timestamp="20230804 15:56:37.897" level="INFO">Slept 3 seconds</msg>
<status status="PASS" starttime="20230804 15:56:34.897" endtime="20230804 15:56:37.897"/>
</kw>
<kw name="Input Text" library="SeleniumLibrary">
<arg>xpath=//*[@id="directPhone"]</arg>
<arg>${Telephone}</arg>
<doc>Types the given ``text`` into text field identified by ``locator``.</doc>
<msg timestamp="20230804 15:56:37.899" level="INFO">Typing text '+33 2 58 23 32 51' into text field 'xpath=//*[@id="directPhone"]'.</msg>
<status status="PASS" starttime="20230804 15:56:37.898" endtime="20230804 15:56:38.021"/>
</kw>
<kw name="Sleep" library="BuiltIn">
<arg>2</arg>
<doc>Pauses the test executed for the given time.</doc>
<msg timestamp="20230804 15:56:40.021" level="INFO">Slept 2 seconds</msg>
<status status="PASS" starttime="20230804 15:56:38.021" endtime="20230804 15:56:40.021"/>
</kw>
<kw name="Click Button" library="SeleniumLibrary">
<arg>xpath=//*[@id="nextStepBtn"]</arg>
<doc>Clicks button identified by ``locator``.</doc>
<msg timestamp="20230804 15:56:40.022" level="INFO">Clicking button 'xpath=//*[@id="nextStepBtn"]'.</msg>
<status status="PASS" starttime="20230804 15:56:40.022" endtime="20230804 15:56:40.154"/>
</kw>
<kw name="Sleep" library="BuiltIn">
<arg>2</arg>
<doc>Pauses the test executed for the given time.</doc>
<msg timestamp="20230804 15:56:42.154" level="INFO">Slept 2 seconds</msg>
<status status="PASS" starttime="20230804 15:56:40.154" endtime="20230804 15:56:42.154"/>
</kw>
<kw name="Input Text" library="SeleniumLibrary">
<arg>xpath=//*[@id="CompaniesAddress"]</arg>
<arg>${adress}</arg>
<doc>Types the given ``text`` into text field identified by ``locator``.</doc>
<msg timestamp="20230804 15:56:42.155" level="INFO">Typing text '14, rue Le Goff
65717 Diallo' into text field 'xpath=//*[@id="CompaniesAddress"]'.</msg>
<status status="PASS" starttime="20230804 15:56:42.155" endtime="20230804 15:56:42.297"/>
</kw>
<kw name="Sleep" library="BuiltIn">
<arg>1</arg>
<doc>Pauses the test executed for the given time.</doc>
<msg timestamp="20230804 15:56:43.299" level="INFO">Slept 1 second</msg>
<status status="PASS" starttime="20230804 15:56:42.297" endtime="20230804 15:56:43.299"/>
</kw>
<kw name="Input Text" library="SeleniumLibrary">
<arg>xpath=//*[@id="CompaniesPostCode"]</arg>
<arg>${ZIP Code}</arg>
<doc>Types the given ``text`` into text field identified by ``locator``.</doc>
<msg timestamp="20230804 15:56:43.300" level="INFO">Typing text '92144' into text field 'xpath=//*[@id="CompaniesPostCode"]'.</msg>
<status status="PASS" starttime="20230804 15:56:43.299" endtime="20230804 15:56:43.420"/>
</kw>
<kw name="Sleep" library="BuiltIn">
<arg>2</arg>
<doc>Pauses the test executed for the given time.</doc>
<msg timestamp="20230804 15:56:45.422" level="INFO">Slept 2 seconds</msg>
<status status="PASS" starttime="20230804 15:56:43.420" endtime="20230804 15:56:45.422"/>
</kw>
<kw name="Input Text" library="SeleniumLibrary">
<arg>xpath=//*[@id="CompaniesCity"]</arg>
<arg>${Town}</arg>
<doc>Types the given ``text`` into text field identified by ``locator``.</doc>
<msg timestamp="20230804 15:56:45.424" level="INFO">Typing text 'Martel' into text field 'xpath=//*[@id="CompaniesCity"]'.</msg>
<status status="PASS" starttime="20230804 15:56:45.423" endtime="20230804 15:56:45.541"/>
</kw>
<kw name="Sleep" library="BuiltIn">
<arg>2</arg>
<doc>Pauses the test executed for the given time.</doc>
<msg timestamp="20230804 15:56:47.542" level="INFO">Slept 2 seconds</msg>
<status status="PASS" starttime="20230804 15:56:45.541" endtime="20230804 15:56:47.542"/>
</kw>
<kw name="Execute Manual Step" library="Dialogs">
<arg>Please complete the CAPTCHA portion of the form.</arg>
<doc>Pauses execution until user sets the keyword status.</doc>
<status status="PASS" starttime="20230804 15:56:47.543" endtime="20230804 15:56:52.147"/>
</kw>
<kw name="Sleep" library="BuiltIn">
<arg>2</arg>
<doc>Pauses the test executed for the given time.</doc>
<msg timestamp="20230804 15:56:54.149" level="INFO">Slept 2 seconds</msg>
<status status="PASS" starttime="20230804 15:56:52.148" endtime="20230804 15:56:54.149"/>
</kw>
<kw name="Click Element" library="SeleniumLibrary">
<arg>xpath=//*[@id="submitAllForm"]</arg>
<doc>Click element identified by ``locator``.</doc>
<msg timestamp="20230804 15:56:54.150" level="INFO">Clicking element 'xpath=//*[@id="submitAllForm"]'.</msg>
<status status="PASS" starttime="20230804 15:56:54.150" endtime="20230804 15:56:54.235"/>
</kw>
<kw name="Sleep" library="BuiltIn">
<arg>2</arg>
<doc>Pauses the test executed for the given time.</doc>
<msg timestamp="20230804 15:56:56.236" level="INFO">Slept 2 seconds</msg>
<status status="PASS" starttime="20230804 15:56:54.235" endtime="20230804 15:56:56.236"/>
</kw>
<status status="PASS" starttime="20230804 15:56:17.995" endtime="20230804 15:56:56.236"/>
</kw>
<kw name="Close All Browsers" library="SeleniumLibrary">
<doc>Closes all open browsers and resets the browser cache.</doc>
<status status="PASS" starttime="20230804 15:56:56.238" endtime="20230804 15:56:58.355"/>
</kw>
<tag>TEST</tag>
<status status="PASS" starttime="20230804 15:56:13.107" endtime="20230804 15:56:58.357"/>
</test>
<status status="PASS" starttime="20230804 15:56:12.342" endtime="20230804 15:56:58.363"/>
</suite>
<statistics>
<total>
<stat pass="1" fail="0" skip="0">All Tests</stat>
</total>
<tag>
<stat pass="1" fail="0" skip="0">TEST</stat>
</tag>
<suite>
<stat pass="1" fail="0" skip="0" id="s1" name="Main Script">Main Script</stat>
</suite>
</statistics>
<errors>
</errors>
</robot>
