<?xml version="1.0" encoding="UTF-8"?>
<robot generator="Robot 6.1 (Python 3.11.4 on win32)" generated="20230803 16:07:52.517" rpa="false" schemaversion="4">
<suite id="s1" name="RFW-IVVQ" source="C:\Users\utilisateur\Documents\GitHub\RFW-IVVQ">
<suite id="s1-s1" name="Main Script" source="C:\Users\utilisateur\Documents\GitHub\RFW-IVVQ\main_script.robot">
<test id="s1-s1-t1" name="Lecture fichier excel" line="66">
<kw name="Recup Fichier excel améliorer" library="keyword">
<arg>connexion</arg>
<arg>2</arg>
<kw name="Open Excel Document" library="ExcelLibrary">
<arg>${data}</arg>
<arg>1</arg>
<doc>Opens xlsx document file.</doc>
<status status="PASS" starttime="20230803 16:07:53.351" endtime="20230803 16:07:53.360"/>
</kw>
<kw name="Read Excel Cell" library="ExcelLibrary">
<var>${nomExcel}</var>
<arg>${ligne}</arg>
<arg>1</arg>
<arg>${feuille}</arg>
<doc>Returns content of a cell.</doc>
<msg timestamp="20230803 16:07:53.361" level="INFO">${nomExcel} = Davis</msg>
<status status="PASS" starttime="20230803 16:07:53.360" endtime="20230803 16:07:53.361"/>
</kw>
<kw name="Read Excel Cell" library="ExcelLibrary">
<var>${prenomExcel}</var>
<arg>${ligne}</arg>
<arg>2</arg>
<arg>${feuille}</arg>
<doc>Returns content of a cell.</doc>
<msg timestamp="20230803 16:07:53.362" level="INFO">${prenomExcel} = Joseph</msg>
<status status="PASS" starttime="20230803 16:07:53.361" endtime="20230803 16:07:53.362"/>
</kw>
<kw name="Read Excel Cell" library="ExcelLibrary">
<var>${mail}</var>
<arg>${ligne}</arg>
<arg>3</arg>
<arg>${feuille}</arg>
<doc>Returns content of a cell.</doc>
<msg timestamp="20230803 16:07:53.363" level="INFO">${mail} = cdominguez@example.org</msg>
<status status="PASS" starttime="20230803 16:07:53.363" endtime="20230803 16:07:53.364"/>
</kw>
<kw name="Read Excel Cell" library="ExcelLibrary">
<var>${mdp}</var>
<arg>${ligne}</arg>
<arg>4</arg>
<arg>${feuille}</arg>
<doc>Returns content of a cell.</doc>
<msg timestamp="20230803 16:07:53.365" level="INFO">${mdp} = erreur</msg>
<status status="PASS" starttime="20230803 16:07:53.364" endtime="20230803 16:07:53.366"/>
</kw>
<kw name="Set Global Variable" library="BuiltIn">
<arg>${nomExcel}</arg>
<doc>Makes a variable available globally in all tests and suites.</doc>
<msg timestamp="20230803 16:07:53.367" level="INFO">${nomExcel} = Davis</msg>
<status status="PASS" starttime="20230803 16:07:53.366" endtime="20230803 16:07:53.367"/>
</kw>
<kw name="Set Global Variable" library="BuiltIn">
<arg>${prenomExcel}</arg>
<doc>Makes a variable available globally in all tests and suites.</doc>
<msg timestamp="20230803 16:07:53.368" level="INFO">${prenomExcel} = Joseph</msg>
<status status="PASS" starttime="20230803 16:07:53.368" endtime="20230803 16:07:53.369"/>
</kw>
<kw name="Set Global Variable" library="BuiltIn">
<arg>${mail}</arg>
<doc>Makes a variable available globally in all tests and suites.</doc>
<msg timestamp="20230803 16:07:53.370" level="INFO">${mail} = cdominguez@example.org</msg>
<status status="PASS" starttime="20230803 16:07:53.369" endtime="20230803 16:07:53.370"/>
</kw>
<kw name="Set Global Variable" library="BuiltIn">
<arg>${mdp}</arg>
<doc>Makes a variable available globally in all tests and suites.</doc>
<msg timestamp="20230803 16:07:53.371" level="INFO">${mdp} = erreur</msg>
<status status="PASS" starttime="20230803 16:07:53.371" endtime="20230803 16:07:53.372"/>
</kw>
<status status="PASS" starttime="20230803 16:07:53.351" endtime="20230803 16:07:53.372"/>
</kw>
<kw name="Log To Console" library="BuiltIn">
<arg>${nomExcel}</arg>
<doc>Logs the given message to the console.</doc>
<status status="PASS" starttime="20230803 16:07:53.373" endtime="20230803 16:07:53.373"/>
</kw>
<kw name="Log To Console" library="BuiltIn">
<arg>${prenomExcel}</arg>
<doc>Logs the given message to the console.</doc>
<status status="PASS" starttime="20230803 16:07:53.374" endtime="20230803 16:07:53.375"/>
</kw>
<kw name="Log To Console" library="BuiltIn">
<arg>${mail}</arg>
<doc>Logs the given message to the console.</doc>
<status status="PASS" starttime="20230803 16:07:53.375" endtime="20230803 16:07:53.376"/>
</kw>
<kw name="Log To Console" library="BuiltIn">
<arg>${mdp}</arg>
<doc>Logs the given message to the console.</doc>
<status status="PASS" starttime="20230803 16:07:53.377" endtime="20230803 16:07:53.377"/>
</kw>
<status status="PASS" starttime="20230803 16:07:53.350" endtime="20230803 16:07:53.378"/>
</test>
<status status="PASS" starttime="20230803 16:07:52.554" endtime="20230803 16:07:53.380"/>
</suite>
<status status="PASS" starttime="20230803 16:07:52.523" endtime="20230803 16:07:53.383"/>
</suite>
<statistics>
<total>
<stat pass="1" fail="0" skip="0">All Tests</stat>
</total>
<tag>
</tag>
<suite>
<stat pass="1" fail="0" skip="0" id="s1" name="RFW-IVVQ">RFW-IVVQ</stat>
<stat pass="1" fail="0" skip="0" id="s1-s1" name="Main Script">RFW-IVVQ.Main Script</stat>
</suite>
</statistics>
<errors>
<msg timestamp="20230803 16:07:52.906" level="ERROR">Error in file 'C:\Users\utilisateur\Documents\GitHub\RFW-IVVQ\resources\keyword.robot' on line 5: Resource file '...main_script.robot' does not exist.</msg>
<msg timestamp="20230803 16:07:52.909" level="ERROR">Error in file 'C:\Users\utilisateur\Documents\GitHub\RFW-IVVQ\main_script.robot' on line 3: Resource file 'resourcesvariables.robot' does not exist.</msg>
</errors>
</robot>
